<?xml version="1.0" encoding="UTF-8"?>
<testng-results skipped="0" failed="0" ignored="0" total="3" passed="3">
  <reporter-output>
  </reporter-output>
  <suite name="Default suite" duration-ms="49265" started-at="2021-01-30T13:32:51 IST" finished-at="2021-01-30T13:33:41 IST">
    <groups>
    </groups>
    <test name="Default test" duration-ms="49265" started-at="2021-01-30T13:32:51 IST" finished-at="2021-01-30T13:33:41 IST">
      <class name="com.tb.test.TestScenarios">
        <test-method status="PASS" signature="setUpStep()[pri:0, instance:com.tb.test.TestScenarios@290dbf45]" name="setUpStep" is-config="true" duration-ms="42995" started-at="2021-01-30T13:32:51 IST" finished-at="2021-01-30T13:33:34 IST">
          <reporter-output>
          </reporter-output>
        </test-method> <!-- setUpStep -->
        <test-method status="PASS" signature="TC01_Title_Validation()[pri:1, instance:com.tb.test.TestScenarios@290dbf45]" name="TC01_Title_Validation" duration-ms="18" started-at="2021-01-30T13:33:34 IST" finished-at="2021-01-30T13:33:34 IST">
          <reporter-output>
          </reporter-output>
        </test-method> <!-- TC01_Title_Validation -->
        <test-method status="PASS" signature="TC02_InValid_Credentials_Validation()[pri:2, instance:com.tb.test.TestScenarios@290dbf45]" name="TC02_InValid_Credentials_Validation" duration-ms="345" started-at="2021-01-30T13:33:34 IST" finished-at="2021-01-30T13:33:35 IST">
          <reporter-output>
          </reporter-output>
        </test-method> <!-- TC02_InValid_Credentials_Validation -->
        <test-method status="PASS" signature="TC03_Valid_Credentials_Validation()[pri:3, instance:com.tb.test.TestScenarios@290dbf45]" name="TC03_Valid_Credentials_Validation" duration-ms="5227" started-at="2021-01-30T13:33:35 IST" finished-at="2021-01-30T13:33:40 IST">
          <reporter-output>
          </reporter-output>
        </test-method> <!-- TC03_Valid_Credentials_Validation -->
        <test-method status="PASS" signature="CloseDriver()[pri:0, instance:com.tb.test.TestScenarios@290dbf45]" name="CloseDriver" is-config="true" duration-ms="562" started-at="2021-01-30T13:33:40 IST" finished-at="2021-01-30T13:33:41 IST">
          <reporter-output>
          </reporter-output>
        </test-method> <!-- CloseDriver -->
      </class> <!-- com.tb.test.TestScenarios -->
    </test> <!-- Default test -->
  </suite> <!-- Default suite -->
</testng-results>
