<?xml version="1.0" encoding="UTF-8"?>
<!-- Generated by org.testng.reporters.JUnitXMLReporter -->
<testsuite hostname="acer-PC" ignored="0" name="Default test" tests="3" failures="0" timestamp="2021-01-30T13:33:41 IST" time="49.265" errors="0">
  <testcase name="TC01_Title_Validation" time="0.018" classname="com.tb.test.TestScenarios"/>
  <testcase name="TC02_InValid_Credentials_Validation" time="0.345" classname="com.tb.test.TestScenarios"/>
  <testcase name="TC03_Valid_Credentials_Validation" time="5.227" classname="com.tb.test.TestScenarios"/>
</testsuite> <!-- Default test -->
